CREATE USER SA PASSWORD "" ADMIN
/*C1*/SET SCHEMA PUBLIC
CONNECT USER SA
SET AUTOCOMMIT FALSE
 CREATE TABLE PIZZAS ( CODE VARCHAR(16) NOT NULL PRIMARY KEY, DESCRIPTION VARCHAR(256) NOT NULL, PRICE DOUBLE NOT NULL )
DISCONNECT
/*C2*/SET SCHEMA PUBLIC
CONNECT USER SA
SET AUTOCOMMIT FALSE
INSERT INTO PIZZAS VALUES('ma','Margerita',9.5E0)
INSERT INTO PIZZAS VALUES('qs','Quatro stagione',10.5E0)
COMMIT
DISCONNECT
/*C3*/SET SCHEMA PUBLIC
CONNECT USER SA
DISCONNECT
/*C4*/SET SCHEMA PUBLIC
CONNECT USER SA
DISCONNECT
/*C5*/SET SCHEMA PUBLIC
CONNECT USER SA
DELETE FROM PIZZAS WHERE CODE='qs'
INSERT INTO PIZZAS VALUES('qs','Quatro stagione2',10.5E0)
/*C6*/SET SCHEMA PUBLIC
CONNECT USER SA
DISCONNECT
